10 1.2229414090529678
3 0.944015444015444
[['1.0']]
25 [[1.         0.30526901]
 [0.30526901 1.        ]]
10 0.8559544744040641
2 1.1134283890189403
[['1.91']]
25 [[ 1.         -0.49740153]
 [-0.49740153  1.        ]]
6 1.0831327440612422
3 1.0183390096934766
[['1.0']]
25 [[ 1.         -0.74636534]
 [-0.74636534  1.        ]]
2 0.9810334528076464
2 0.8975808985234055
[['1.0']]
23 [[ 1.         -0.86018693]
 [-0.86018693  1.        ]]
2 1.0402689474625604
1 1.047450307291955
[['1.0']]
25 [[ 1.         -0.17538382]
 [-0.17538382  1.        ]]
5 0.9686082674614488
1 1.0282722513089004
[['1.0']]
25 [[1.      0.72143]
 [0.72143 1.     ]]
6 1.079690112965428
5 1.0982615268329554
[['3.65']]
25 [[ 1.         -0.54531049]
 [-0.54531049  1.        ]]
3 0.9325360060641793
1 1.0055555555555555
[['345.64']]
25 [[1.         0.46735269]
 [0.46735269 1.        ]]
2 1.079
4 0.8806262230919765
[['3.54']]
25 [[ 1.         -0.47227002]
 [-0.47227002  1.        ]]
2 0.9420026338130796
2 0.9100247104995397
[['8.05']]
25 [[ 1.         -0.45679829]
 [-0.45679829  1.        ]]
3 0.9593112216196755
1 0.874757281553398
[['3.3']]
25 [[ 1.         -0.29758062]
 [-0.29758062  1.        ]]
13 1.032281314538373
1 1.1058315334773217
[['1.92']]
25 [[ 1.         -0.78963079]
 [-0.78963079  1.        ]]
5 1.056898646666946
2 1.006317689530686
[['1.0']]
25 [[ 1.         -0.00976855]
 [-0.00976855  1.        ]]
2 0.908846412448372
1 0.9261744966442953
[['1.0']]
25 [[1.         0.37204256]
 [0.37204256 1.        ]]
3 1.019941583452424
2 0.9359827537726122
[['2.12']]
25 [[ 1.         -0.55585419]
 [-0.55585419  1.        ]]
3 0.9423602768720326
1 0.8906407245890641
[['1.73']]
25 [[ 1.         -0.68441878]
 [-0.68441878  1.        ]]
3 1.0
3 1.0
[['1.0']]
25 [[1.         0.02206159]
 [0.02206159 1.        ]]
18 1.0163903858669026
2 0.9204334365325078
[['1.0']]
25 [[ 1.         -0.75449311]
 [-0.75449311  1.        ]]
3 1.0598724947042528
3 0.9822869513875221
[['1.08']]
25 [[1.         0.70300313]
 [0.70300313 1.        ]]
13 1.002178599738467
2 0.9068848758465011
[['5.37']]
25 [[ 1.         -0.16307088]
 [-0.16307088  1.        ]]
1 1.0122445324916616
1 0.9994663820704377
[['4.32']]
25 [[ 1.         -0.72129312]
 [-0.72129312  1.        ]]
5 1.0306564286126667
2 1.0
[['1.0']]
25 [[1.         0.23931822]
 [0.23931822 1.        ]]
2 0.9342427770010588
3 1.0601579906826006
[['1.0']]
25 [[ 1.         -0.66573768]
 [-0.66573768  1.        ]]
2 0.822324341389834
2 1.0445642917967641
[['1.0']]
25 [[1.        0.1984236]
 [0.1984236 1.       ]]
13 1.0534663857318534
3 0.9860674771206118
[['1.0']]
25 [[ 1.         -0.65035347]
 [-0.65035347  1.        ]]
22 0.9647222919630652
2 0.8214209515681673
[['1.0']]
25 [[ 1.         -0.54072987]
 [-0.54072987  1.        ]]
7 1.0103207191210744
2 0.9142367066895368
[['1.0']]
25 [[ 1.         -0.60392926]
 [-0.60392926  1.        ]]
2 0.860614674288586
4 1.0531706935647822
[['2.09']]
25 [[1.         0.23119723]
 [0.23119723 1.        ]]
2 0.9532710280373832
1 0.8226018396846255
[['1.0']]
25 [[ 1.         -0.58883183]
 [-0.58883183  1.        ]]
2 0.8716793537362125
2 0.8742810188989318
[['1.0']]
25 [[ 1.         -0.25297048]
 [-0.25297048  1.        ]]
11 0.9562487078767831
6 0.8644688644688644
[['1.0']]
25 [[ 1.        -0.6654666]
 [-0.6654666  1.       ]]
3 0.9964281835624041
1 1.195302843016069
[['12.37']]
25 [[1.         0.62161051]
 [0.62161051 1.        ]]
2 1.2939811509353134
2 1.0187032418952617
[['1.0']]
25 [[ 1.        -0.5062432]
 [-0.5062432  1.       ]]
3 1.003959768749505
1 0.9882410583047526
[['1.0']]
25 [[ 1.         -0.15197134]
 [-0.15197134  1.        ]]
1 0.9747336310986374
1 0.9852266938359653
[['6.06']]
25 [[ 1.        -0.7187608]
 [-0.7187608  1.       ]]
3 1.0237911124858232
1 0.8523142509135201
[['2.75']]
25 [[ 1.         -0.71700278]
 [-0.71700278  1.        ]]
5 1.0954716935649114
1 0.9327354260089686
[['1.0']]
25 [[1.         0.29442898]
 [0.29442898 1.        ]]
3 0.9860211706102118
2 1.0190325138778749
[['1.0']]
25 [[1.         0.01177296]
 [0.01177296 1.        ]]
2 0.9308002287145698
1 0.9245614035087719
[['1.6']]
25 [[ 1.         -0.79295983]
 [-0.79295983  1.        ]]
12 1.02500170427432
3 0.9315068493150684
[['6.02']]
25 [[ 1.         -0.66263739]
 [-0.66263739  1.        ]]
7 0.695869058191748
3 1.038942479456949
[['2.03']]
25 [[ 1.         -0.33318589]
 [-0.33318589  1.        ]]
5 1.180539826349566
2 1.0312124849939976
[['1.0']]
25 [[ 1.         -0.30214491]
 [-0.30214491  1.        ]]
2 0.8646010834035048
1 1.1118374970814848
[['3.10']]
25 [[ 1.         -0.76049067]
 [-0.76049067  1.        ]]
10 1.0639706180481412
3 0.9749959929475879
[['1.76']]
25 [[1.         0.33760219]
 [0.33760219 1.        ]]
2 0.8729257641921397
1 0.8762567672080434
[['1.0']]
25 [[1.         0.27158089]
 [0.27158089 1.        ]]
3 0.9921022634750041
2 0.9844150298889839
[['1.13']]
25 [[ 1.         -0.49216054]
 [-0.49216054  1.        ]]
3 0.9772254193706379
4 0.8771929824561404
[['1.0']]
25 [[ 1.         -0.29951727]
 [-0.29951727  1.        ]]
4 0.803548379240642
4 0.7913279132791328
[['1.0']]
25 [[1.        0.1477484]
 [0.1477484 1.       ]]
12 1.0079614686483476
2 0.9217138323194921
[['1.0']]
25 [[1.         0.61247368]
 [0.61247368 1.        ]]
2 0.9495208087173427
1 0.7552083333333334
[['1.0']]
25 [[ 1.         -0.59435179]
 [-0.59435179  1.        ]]
6 1.045392022008253
2 0.8009259259259259
[['1.0']]
25 [[1.         0.65440273]
 [0.65440273 1.        ]]
1 0.9713849530298717
0 0.9930199093662078
[['1.0']]
25 [[ 1.         -0.09089381]
 [-0.09089381  1.        ]]
XGBoost training score:  0.9566041232791584
XGBoost testing score:  0.9378376600613888
[0.01208989 0.01046679 0.01772202 0.00916509 0.00833885 0.0377035
 0.01010387 0.01263012 0.03703769 0.03104704 0.00680323 0.01846234
 0.01729954 0.00707741 0.01248148 0.00247643 0.06749065 0.0220642
 0.01618877 0.0062298  0.00620638 0.0181291  0.00900047 0.01898246
 0.01583287 0.01434902 0.02873288 0.02704789 0.03802984 0.00606146
 0.00996292 0.0828166  0.01241335 0.02169568 0.01954572 0.01097453
 0.00850875 0.01740376 0.0220911  0.00614868 0.00690603 0.01114932
 0.01077445 0.00790394 0.01641634 0.01480692 0.03070251 0.01196634
 0.01672482 0.0022043  0.01734754 0.01467438 0.029459   0.01943877
 0.00899966 0.00873609 0.01497744]
XGBoost training score:  0.9661930651685665
[0.01363425 0.0077912  0.01572271 0.01225391 0.00958623 0.03326295
 0.01689868 0.01399951 0.04627289 0.02579432 0.01293088 0.0253488
 0.02705382 0.01439898 0.02443    0.01232666 0.04487623 0.01626581
 0.01146068 0.01271312 0.00583376 0.01840349 0.00757593 0.0201739
 0.01029369 0.02033532 0.03559765 0.01898916 0.04245651 0.00636598
 0.00789261 0.04573073 0.01011535 0.03534375 0.0260572  0.01472708
 0.00763707 0.03519558 0.01900085 0.00609957 0.00434053 0.01252377
 0.01029949 0.00778673 0.02331162 0.02020377 0.02157295 0.00584508
 0.015246   0.00218313 0.00802868 0.01362848 0.01422434 0.01419948
 0.00791061 0.00866932 0.01917918]
10 1.2229414090529678
3 0.944015444015444
[['1.0']]
25 [[1.         0.30526901]
 [0.30526901 1.        ]]
0.007502749197298837 0.0059106858132758604 -6.113329231613104e-05 0.027051546937807244
0.007502749197298837 0.0059106858132758604 -0.00548065239840205
0.011012039003424344
Today's R (predicted) and yesterday's R (actual):  1.0294644236564636 1.0349450760548657
Adj_tot: 0.003026705328525938
10 0.8559544744040641
2 1.1134283890189403
[['1.91']]
25 [[ 1.         -0.49740153]
 [-0.49740153  1.        ]]
0.007502749197298837 0.005757238970582184 -6.113329231613104e-05 0.027051546937807244
0.007502749197298837 0.005757238970582184 0
0.00945711616096358
Today's R (predicted) and yesterday's R (actual):  1.004454255104065 1.002448306366226
Adj_tot: -0.004158601552423308
6 1.0831327440612422
3 1.0183390096934766
[['1.0']]
25 [[ 1.         -0.74636534]
 [-0.74636534  1.        ]]
0.007502749197298837 0.008808139331225418 -6.113329231613104e-05 0.027051546937807244
0.007502749197298837 0.008808139331225418 0
0.011570417624089828
Today's R (predicted) and yesterday's R (actual):  1.0103377401828766 1.005494143092376
Adj_tot: -0.010245483289593446
2 0.9810334528076464
2 0.8975808985234055
[['1.0']]
23 [[ 1.         -0.86018693]
 [-0.86018693  1.        ]]
0.007502749197298837 0.015609356971551889 -6.113329231613104e-05 0.027051546937807244
0.007502749197298837 0.015609356971551889 0
0.01731887036105138
Today's R (predicted) and yesterday's R (actual):  1.0185892879962921 1.015987837602523
Adj_tot: 0.0027062793017872903
2 1.0402689474625604
1 1.047450307291955
[['1.0']]
25 [[ 1.         -0.17538382]
 [-0.17538382  1.        ]]
0.007502749197298837 0.004238767839220309 -6.113329231613104e-05 0.027051546937807244
0.007502749197298837 0.004238767839220309 0
0.00861733127553866
Today's R (predicted) and yesterday's R (actual):  1.0025173127651215 0.9982334692466217
Adj_tot: -0.009574520736840971
5 0.9686082674614488
1 1.0282722513089004
[['1.0']]
25 [[1.      0.72143]
 [0.72143 1.     ]]
0.007502749197298837 0.012055009788170106 -6.113329231613104e-05 0.027051546937807244
0.007502749197298837 0.012055009788170106 -0.00817095847960855
0.016382279114516767
Today's R (predicted) and yesterday's R (actual):  1.0101340413093567 1.0183049997889653
Adj_tot: -0.0022489767586986943
6 1.079690112965428
5 1.0982615268329554
[['3.65']]
25 [[ 1.         -0.54531049]
 [-0.54531049  1.        ]]
0.007502749197298837 0.004782514878400059 -6.113329231613104e-05 0.027051546937807244
0.007502749197298837 0.004782514878400059 -0.010357356301915428
0.013654249288939818
Today's R (predicted) and yesterday's R (actual):  1.023058146238327 1.0334155025402425
Adj_tot: 0.0025788452268324844
3 0.9325360060641793
1 1.0055555555555555
[['345.64']]
25 [[1.         0.46735269]
 [0.46735269 1.        ]]
0.007502749197298837 0.016283818719930343 -6.113329231613104e-05 0.027051546937807244
0.007502749197298837 0.016283818719930343 -0.0011163851305204323
0.017963861316008016
Today's R (predicted) and yesterday's R (actual):  1.013221114873886 1.0143375000044066
Adj_tot: 0.00604734244098484
2 1.079
4 0.8806262230919765
[['3.54']]
25 [[ 1.         -0.47227002]
 [-0.47227002  1.        ]]
0.007502749197298837 0.008665356445205849 -6.113329231613104e-05 0.027051546937807244
0.007502749197298837 0.008665356445205849 -0.0043369322940459264
0.012255147064118706
Today's R (predicted) and yesterday's R (actual):  1.0010367333889008 1.0053736656829466
Adj_tot: 0.005424585340449679
2 0.9420026338130796
2 0.9100247104995397
[['8.05']]
25 [[ 1.         -0.45679829]
 [-0.45679829  1.        ]]
0.007502749197298837 0.00894525112525796 -6.113329231613104e-05 0.027051546937807244
0.007502749197298837 0.00894525112525796 -0.00365531536687024
0.012233972929624084
Today's R (predicted) and yesterday's R (actual):  1.00424125790596 1.0078965732728302
Adj_tot: -0.0014292355445906604
3 0.9593112216196755
1 0.874757281553398
[['3.3']]
25 [[ 1.         -0.29758062]
 [-0.29758062  1.        ]]
0.007502749197298837 0.008652402338469168 -6.113329231613104e-05 0.027051546937807244
0.007502749197298837 0.008652402338469168 0
0.011452305957505462
Today's R (predicted) and yesterday's R (actual):  0.9983583092689514 0.997888348883699
Adj_tot: 0.0013453775684383767
13 1.032281314538373
1 1.1058315334773217
[['1.92']]
25 [[ 1.         -0.78963079]
 [-0.78963079  1.        ]]
0.007502749197298837 0.002185003593915969 -6.113329231613104e-05 0.027051546937807244
0.007502749197298837 0.002185003593915969 -0.004922781876719939
0.00923576026262897
Today's R (predicted) and yesterday's R (actual):  1.010021150112152 1.014943931988872
Adj_tot: -0.01868211015143179
5 1.056898646666946
2 1.006317689530686
[['1.0']]
25 [[ 1.         -0.00976855]
 [-0.00976855  1.        ]]
0.007502749197298837 0.008697100406711131 -6.113329231613104e-05 0.027051546937807244
0.007502749197298837 0.008697100406711131 -0.002102150544330963
0.011676893333117942
Today's R (predicted) and yesterday's R (actual):  1.011294037103653 1.013396187647984
Adj_tot: -0.01338708481728595
2 0.908846412448372
1 0.9261744966442953
[['1.0']]
25 [[1.         0.37204256]
 [0.37204256 1.        ]]
0.007502749197298837 0.004461532074052375 -6.113329231613104e-05 0.027051546937807244
0.007502749197298837 0.004461532074052375 0
0.008729061459593835
Today's R (predicted) and yesterday's R (actual):  1.0255845785140991 1.0203424009471262
Adj_tot: -0.0036957741776121947
3 1.019941583452424
2 0.9359827537726122
[['2.12']]
25 [[ 1.         -0.55585419]
 [-0.55585419  1.        ]]
0.007502749197298837 0.010477192082738486 -6.113329231613104e-05 0.027051546937807244
0.007502749197298837 0.010477192082738486 -0.002229687873216233
0.013078008543663438
Today's R (predicted) and yesterday's R (actual):  1.026147484779358 1.0283771726525741
Adj_tot: 0.0024573782852940203
3 0.9423602768720326
1 0.8906407245890641
[['1.73']]
25 [[ 1.         -0.68441878]
 [-0.68441878  1.        ]]
0.007502749197298837 0.0028527431002494446 -6.113329231613104e-05 0.027051546937807244
0.007502749197298837 0.0028527431002494446 -0.006429950639541257
0.010284631930240682
Today's R (predicted) and yesterday's R (actual):  1.0292494893074036 1.035679439946945
Adj_tot: 0.0028673351925389313
3 1.0
3 1.0
[['1.0']]
25 [[1.         0.02206159]
 [0.02206159 1.        ]]
0.007502749197298837 0.003979286747265385 -6.113329231613104e-05 0.027051546937807244
0.007502749197298837 0.003979286747265385 0
0.008492700897507829
Today's R (predicted) and yesterday's R (actual):  1.0086342096328735 1.0070995592319947
Adj_tot: -0.0029658894249825663
18 1.0163903858669026
2 0.9204334365325078
[['1.0']]
25 [[ 1.         -0.75449311]
 [-0.75449311  1.        ]]
0.007502749197298837 0.007732510604429787 -6.113329231613104e-05 0.027051546937807244
0.007502749197298837 0.007732510604429787 -0.0006295974985768664
0.010792560343838792
Today's R (predicted) and yesterday's R (actual):  1.0193936824798584 1.0200232799784352
Adj_tot: -0.0022077403450540796
3 1.0598724947042528
3 0.9822869513875221
[['1.08']]
25 [[1.         0.70300313]
 [0.70300313 1.        ]]
0.007502749197298837 0.007831325637508468 -6.113329231613104e-05 0.027051546937807244
0.007502749197298837 0.007831325637508468 -0.0005221054139501417
0.010857877362612907
Today's R (predicted) and yesterday's R (actual):  1.009814739227295 1.010336844641245
Adj_tot: 0.0010079376687393152
13 1.002178599738467
2 0.9068848758465011
[['5.37']]
25 [[ 1.         -0.16307088]
 [-0.16307088  1.        ]]
0.007502749197298837 0.008824820361842397 -6.113329231613104e-05 0.027051546937807244
0.007502749197298837 0.008824820361842397 0
0.01158312133823852
Today's R (predicted) and yesterday's R (actual):  1.0193887054920197 1.0182626606238063
Adj_tot: -0.0010998563004756112
1 1.0122445324916616
1 0.9994663820704377
[['4.32']]
25 [[ 1.         -0.72129312]
 [-0.72129312  1.        ]]
0.007502749197298837 0.005437398883459891 -6.113329231613104e-05 0.027051546937807244
0.007502749197298837 0.005437398883459891 -0.003720351410124218
0.009984866886956104
Today's R (predicted) and yesterday's R (actual):  1.006490409374237 1.0102107607843613
Adj_tot: 0.0024677707593767635
5 1.0306564286126667
2 1.0
[['1.0']]
25 [[1.         0.23931822]
 [0.23931822 1.        ]]
0.007502749197298837 0.0026306829798876568 -6.113329231613104e-05 0.027051546937807244
0.007502749197298837 0.0026306829798876568 0
0.007950581013878102
Today's R (predicted) and yesterday's R (actual):  0.9945199489593506 0.99389705327338
Adj_tot: -0.0008220892878582082
2 0.9342427770010588
3 1.0601579906826006
[['1.0']]
25 [[ 1.         -0.66573768]
 [-0.66573768  1.        ]]
0.007502749197298837 0.004618033789687232 -6.113329231613104e-05 0.027051546937807244
0.007502749197298837 0.004618033789687232 -0.0068808802860400795
0.011178729583949885
Today's R (predicted) and yesterday's R (actual):  1.0225212574005127 1.0294021376865528
Adj_tot: 0.0031713223944604273
2 0.822324341389834
2 1.0445642917967641
[['1.0']]
25 [[1.        0.1984236]
 [0.1984236 1.       ]]
0.007502749197298837 0.006089876552048912 -6.113329231613104e-05 0.027051546937807244
0.007502749197298837 0.006089876552048912 0
0.009663221095305824
Today's R (predicted) and yesterday's R (actual):  1.0216284096240997 1.0176636373010226
Adj_tot: -0.001062862162679467
13 1.0534663857318534
3 0.9860674771206118
[['1.0']]
25 [[ 1.         -0.65035347]
 [-0.65035347  1.        ]]
0.007502749197298837 0.012749483856682595 -6.113329231613104e-05 0.027051546937807244
0.007502749197298837 0.012749483856682595 -0.002180872675520029
0.014953153171027453
Today's R (predicted) and yesterday's R (actual):  1.0248848497867584 1.0270657224622783
Adj_tot: -0.012879864733287873
22 0.9647222919630652
2 0.8214209515681673
[['1.0']]
25 [[ 1.         -0.54072987]
 [-0.54072987  1.        ]]
0.007502749197298837 0.009685673279711943 -6.113329231613104e-05 0.027051546937807244
0.007502749197298837 0.009685673279711943 0
0.01225167386110544
Today's R (predicted) and yesterday's R (actual):  1.0233519971370697 1.0223023310687647
Adj_tot: -0.0041673503327022835
7 1.0103207191210744
2 0.9142367066895368
[['1.0']]
25 [[ 1.         -0.60392926]
 [-0.60392926  1.        ]]
0.007502749197298837 0.0047236347235442315 -6.113329231613104e-05 0.027051546937807244
0.007502749197298837 0.0047236347235442315 0
0.008865888027662042
Today's R (predicted) and yesterday's R (actual):  1.039985328912735 1.0394588746554574
Adj_tot: 0.0027924611872709683
2 0.860614674288586
4 1.0531706935647822
[['2.09']]
25 [[1.         0.23119723]
 [0.23119723 1.        ]]
0.007502749197298837 0.007576217536447964 -6.113329231613104e-05 0.027051546937807244
0.007502749197298837 0.007576217536447964 0
0.010662566186296336
Today's R (predicted) and yesterday's R (actual):  1.0075791478157043 1.0060335239680063
Adj_tot: 0.0013342353414432192
2 0.9532710280373832
1 0.8226018396846255
[['1.0']]
25 [[ 1.         -0.58883183]
 [-0.58883183  1.        ]]
0.007502749197298837 0.007949296296244477 -6.113329231613104e-05 0.027051546937807244
0.007502749197298837 0.007949296296244477 -0.008719543686279911
0.013982596297540681
Today's R (predicted) and yesterday's R (actual):  1.0148639380931854 1.0235834817794653
Adj_tot: 0.003622385438301436
2 0.8716793537362125
2 0.8742810188989318
[['1.0']]
25 [[ 1.         -0.25297048]
 [-0.25297048  1.        ]]
0.007502749197298837 0.0029979751420353253 -6.113329231613104e-05 0.027051546937807244
0.007502749197298837 0.0029979751420353253 -0.0040219356525324
0.009025246083234588
Today's R (predicted) and yesterday's R (actual):  1.0195842385292053 1.0236061741817377
Adj_tot: 0.0016682634322776797
11 0.9562487078767831
6 0.8644688644688644
[['1.0']]
25 [[ 1.        -0.6654666]
 [-0.6654666  1.       ]]
0.007502749197298837 0.009394478201167294 -6.113329231613104e-05 0.027051546937807244
0.007502749197298837 0.009394478201167294 -0.006948838224818482
0.013886461711482674
Today's R (predicted) and yesterday's R (actual):  1.0313230156898499 1.0382718539146683
Adj_tot: -0.0025422804212190567
3 0.9964281835624041
1 1.195302843016069
[['12.37']]
25 [[1.         0.62161051]
 [0.62161051 1.        ]]
0.007502749197298837 0.004285121301714676 -6.113329231613104e-05 0.027051546937807244
0.007502749197298837 0.004285121301714676 -0.02033139643781269
0.022091156402494636
Today's R (predicted) and yesterday's R (actual):  1.0032520294189453 1.023583425856758
Adj_tot: 0.0037145599093720495
2 1.2939811509353134
2 1.0187032418952617
[['1.0']]
25 [[ 1.        -0.5062432]
 [-0.5062432  1.       ]]
0.007502749197298837 0.0024998817659224737 -6.113329231613104e-05 0.027051546937807244
0.007502749197298837 0.0024998817659224737 -0.020243679467305313
0.021733550394175332
Today's R (predicted) and yesterday's R (actual):  1.0348219871520996 1.055065666619405
Adj_tot: 0.005207010648050381
3 1.003959768749505
1 0.9882410583047526
[['1.0']]
25 [[ 1.         -0.15197134]
 [-0.15197134  1.        ]]
0.007502749197298837 0.0048069340530145655 -6.113329231613104e-05 0.027051546937807244
0.007502749197298837 0.0048069340530145655 0
0.008910547710864882
Today's R (predicted) and yesterday's R (actual):  1.026814877986908 1.022821860098252
Adj_tot: -0.009919829249165377
1 0.9747336310986374
1 0.9852266938359653
[['6.06']]
25 [[ 1.        -0.7187608]
 [-0.7187608  1.       ]]
0.007502749197298837 0.011353678830954632 -6.113329231613104e-05 0.027051546937807244
0.007502749197298837 0.011353678830954632 -0.0028500887811499995
0.013903966145473482
Today's R (predicted) and yesterday's R (actual):  1.0167625844478607 1.0196126732290107
Adj_tot: 0.0026345915641853945
3 1.0237911124858232
1 0.8523142509135201
[['2.75']]
25 [[ 1.         -0.71700278]
 [-0.71700278  1.        ]]
0.007502749197298837 0.006397495525109416 -6.113329231613104e-05 0.027051546937807244
0.007502749197298837 0.006397495525109416 -0.0019339963769414784
0.010047862284953258
Today's R (predicted) and yesterday's R (actual):  1.031111717224121 1.0330457136010627
Adj_tot: 0.00032224130528228266
5 1.0954716935649114
1 0.9327354260089686
[['1.0']]
25 [[1.         0.29442898]
 [0.29442898 1.        ]]
0.007502749197298837 0.005796978618513025 -6.113329231613104e-05 0.027051546937807244
0.007502749197298837 0.005796978618513025 0
0.009481361011008152
Today's R (predicted) and yesterday's R (actual):  1.0056520104408264 1.0015697735633038
Adj_tot: -0.003560149938742229
3 0.9860211706102118
2 1.0190325138778749
[['1.0']]
25 [[1.         0.01177296]
 [0.01177296 1.        ]]
0.007502749197298837 0.0043000192606224685 -6.113329231613104e-05 0.027051546937807244
0.007502749197298837 0.0043000192606224685 0
0.00864762459634393
Today's R (predicted) and yesterday's R (actual):  1.0167531371116638 1.0082044139596442
Adj_tot: -0.004768293199523014
2 0.9308002287145698
1 0.9245614035087719
[['1.6']]
25 [[ 1.         -0.79295983]
 [-0.79295983  1.        ]]
0.007502749197298837 0.0047850263288173895 -6.113329231613104e-05 0.027051546937807244
0.007502749197298837 0.0047850263288173895 -0.010279445824291536
0.013596129189574093
Today's R (predicted) and yesterday's R (actual):  1.0145142674446106 1.0247937132689022
Adj_tot: 0.002548243417024488
12 1.02500170427432
3 0.9315068493150684
[['6.02']]
25 [[ 1.         -0.66263739]
 [-0.66263739  1.        ]]
0.007502749197298837 0.016953780600146212 -6.113329231613104e-05 0.027051546937807244
0.007502749197298837 0.016953780600146212 -0.004584891551260857
0.019098249990307636
Today's R (predicted) and yesterday's R (actual):  1.0334494709968567 1.0380343625481177
Adj_tot: 0.002851995656141621
7 0.695869058191748
3 1.038942479456949
[['2.03']]
25 [[ 1.         -0.33318589]
 [-0.33318589  1.        ]]
0.007502749197298837 0.01028772755875578 -6.113329231613104e-05 0.027051546937807244
0.007502749197298837 0.01028772755875578 0
0.01273297230974573
Today's R (predicted) and yesterday's R (actual):  1.0001588463783264 0.9939479431510833
Adj_tot: -0.007903215595855842
5 1.180539826349566
2 1.0312124849939976
[['1.0']]
25 [[ 1.         -0.30214491]
 [-0.30214491  1.        ]]
0.007502749197298837 0.006545129776424473 -6.113329231613104e-05 0.027051546937807244
0.007502749197298837 0.006545129776424473 -0.002821622473140599
0.010348503403330295
Today's R (predicted) and yesterday's R (actual):  1.0242111682891846 1.0270327907623251
Adj_tot: -0.0013338281088264836
2 0.8646010834035048
1 1.1118374970814848
[['3.10']]
25 [[ 1.         -0.76049067]
 [-0.76049067  1.        ]]
0.007502749197298837 0.009902210011800663 -6.113329231613104e-05 0.027051546937807244
0.007502749197298837 0.009902210011800663 -0.002281793514964662
0.012631373253938323
Today's R (predicted) and yesterday's R (actual):  1.0189284086227417 1.0212102021377063
Adj_tot: 0.00024020019902373855
10 1.0639706180481412
3 0.9749959929475879
[['1.76']]
25 [[1.         0.33760219]
 [0.33760219 1.        ]]
0.007502749197298837 0.014164030761901264 -6.113329231613104e-05 0.027051546937807244
0.007502749197298837 0.014164030761901264 0
0.016028443871494626
Today's R (predicted) and yesterday's R (actual):  0.9847830533981323 0.980575623515026
Adj_tot: -0.012856592313553971
2 0.8729257641921397
1 0.8762567672080434
[['1.0']]
25 [[1.         0.27158089]
 [0.27158089 1.        ]]
0.007502749197298837 0.0022261180151234754 -6.113329231613104e-05 0.027051546937807244
0.007502749197298837 0.0022261180151234754 -0.003247655466872103
0.008473140679012116
Today's R (predicted) and yesterday's R (actual):  1.0025003254413605 1.0057479809082326
Adj_tot: -0.002833421493230106
3 0.9921022634750041
2 0.9844150298889839
[['1.13']]
25 [[ 1.         -0.49216054]
 [-0.49216054  1.        ]]
0.007502749197298837 0.010984983642336755 -6.113329231613104e-05 0.027051546937807244
0.007502749197298837 0.010984983642336755 -0.006333245547276441
0.014733333305877231
Today's R (predicted) and yesterday's R (actual):  1.0087968707084656 1.015130116255742
Adj_tot: 0.0013482907506786289
3 0.9772254193706379
4 0.8771929824561404
[['1.0']]
25 [[ 1.         -0.29951727]
 [-0.29951727  1.        ]]
0.007502749197298837 0.026222367927942986 -6.113329231613104e-05 0.027051546937807244
0.007502749197298837 0.026222367927942986 -0.04008764883870385
0.0484863219339353
Today's R (predicted) and yesterday's R (actual):  1.006719946861267 1.046807595699971
Adj_tot: 0.0019187863350031615
4 0.803548379240642
4 0.7913279132791328
[['1.0']]
25 [[1.        0.1477484]
 [0.1477484 1.       ]]
0.007502749197298837 0.006669243599057963 -6.113329231613104e-05 0.027051546937807244
0.007502749197298837 0.006669243599057963 -0.000886478813038577
0.010077494747560539
Today's R (predicted) and yesterday's R (actual):  1.0096306800842285 1.010517158897267
Adj_tot: 0.005249454855506285
12 1.0079614686483476
2 0.9217138323194921
[['1.0']]
25 [[1.         0.61247368]
 [0.61247368 1.        ]]
0.007502749197298837 0.00490186407956677 -6.113329231613104e-05 0.027051546937807244
0.007502749197298837 0.00490186407956677 -0.004924248550963351
0.010225836922412758
Today's R (predicted) and yesterday's R (actual):  0.999961256980896 1.0048855055318593
Adj_tot: 0.0034999335946786572
2 0.9495208087173427
1 0.7552083333333334
[['1.0']]
25 [[ 1.         -0.59435179]
 [-0.59435179  1.        ]]
0.007502749197298837 0.010830076071383124 -6.113329231613104e-05 0.027051546937807244
0.007502749197298837 0.010830076071383124 -8.465992112949988e-06
0.01317504705504068
Today's R (predicted) and yesterday's R (actual):  1.0136370658874512 1.013645531879564
Adj_tot: 0.0023972673819171978
6 1.045392022008253
2 0.8009259259259259
[['1.0']]
25 [[1.         0.65440273]
 [0.65440273 1.        ]]
0.007502749197298837 0.00414308430934043 -6.113329231613104e-05 0.027051546937807244
0.007502749197298837 0.00414308430934043 -0.007845223508950443
0.011619118943244359
Today's R (predicted) and yesterday's R (actual):  1.0193766057491302 1.0272218292580806
Adj_tot: -0.005301990100336933
1 0.9713849530298717
0 0.9930199093662078
[['1.0']]
25 [[ 1.         -0.09089381]
 [-0.09089381  1.        ]]
0.007502749197298837 0.00547876487408588 -6.113329231613104e-05 0.027051546937807244
0.007502749197298837 0.00547876487408588 0
0.009290215824354438
Today's R (predicted) and yesterday's R (actual):  1.0159697532653809 1.0108505335713749
Adj_tot: -0.003250763886012451
2020-10-20 00:00:00 217477
0.016396281458868265
0.016368064272892932
0.016339895647293108
0.01631177549849877
0.016283703743083758
0.01625568029776547
0.01622770507940463
0.016199778005005057
0.016171898991713347
0.016144067956818747
0.016116284817752808
0.016088549492089196
0.016060861897543428
0.016033221951972598
0.0160056295733752
0.01597808467989083
0.015950587189799973
0.01592313702152376
0.015895734093623663
0.01586837832480136
0.015841069633898416
0.015813807939896073
0.015786593161915014
0.01575942521921507
0.015732304031195063
0.015705229517392505
0.015678201597483406
0.01565122019128196
0.015624285218740399
0.015597396599948703
0.01557055425513437
0.015543758104662197
0.015517008069033989
0.015490304068888404
0.01546364602500066
0.015437033858282323
0.015410467489781076
0.015383946840680436
0.015357471832299597
0.015331042386093147
0.01530465842365085
0.015278319866697417
0.015252026637092233
0.015225778656829196
0.015199575848036436
0.015173418132976093
0.015147305434044111
0.01512123767376994
0.015095214774816396
0.015069236659979375
0.015043303252187636
0.015017414474502588
0.014991570250118009
0.014965770502359893
0.014940015154686178
0.014914304130686534
0.014888637354082095
0.014863014748725305
0.014837436238599639
0.014811901747819397
0.014786411200629485
0.014760964521405137
0.01473556163465178
0.014710202465004745
0.014684886937229065
0.014659614976219258
0.01463438650699906
0.014609201454721273
0.014584059744667496
0.014558961302247913
2020-10-17 00:00:00 219286
2020-10-18 00:00:00 219674
2020-10-19 00:00:00 220119
2020-10-20 00:00:00 221052
2020-10-21 00:00:00 221783.2062868361
2020-10-22 00:00:00 222528.40645816884
2020-10-23 00:00:00 223273.99872333018
2020-10-24 00:00:00 224015.3540054704
2020-10-25 00:00:00 224758.89021274773
2020-10-26 00:00:00 225514.22650693936
2020-10-27 00:00:00 226287.85165927885
2020-10-28 00:00:00 227084.08401654536
2020-10-29 00:00:00 227889.21998108368
2020-10-30 00:00:00 228691.96234853048
2020-10-31 00:00:00 229501.96891286073
2020-11-01 00:00:00 230322.67602138696
2020-11-02 00:00:00 231152.67023963374
2020-11-03 00:00:00 231991.89610417627
2020-11-04 00:00:00 232840.28911532875
2020-11-05 00:00:00 233697.88360586387
2020-11-06 00:00:00 234564.693385146
2020-11-07 00:00:00 235440.7786922952
2020-11-08 00:00:00 236326.2097814486
2020-11-09 00:00:00 237221.02619903293
2020-11-10 00:00:00 238125.233567652
2020-11-11 00:00:00 239038.90485541953
2020-11-12 00:00:00 239962.2023082072
2020-11-13 00:00:00 240895.31148837696
2020-11-14 00:00:00 241838.2523652455
2020-11-15 00:00:00 242791.05414367857
2020-11-16 00:00:00 243753.73990591426
2020-11-17 00:00:00 244726.3643968867
2020-11-18 00:00:00 245708.95528445777
2020-11-19 00:00:00 246701.53566962763
2020-11-20 00:00:00 247704.1175667083
2020-11-21 00:00:00 248716.66592446002
2020-11-22 00:00:00 249739.1504330482
2020-11-23 00:00:00 250771.552543303
2020-11-24 00:00:00 251813.76945588438
2020-11-25 00:00:00 252865.72908656512
2020-11-26 00:00:00 253927.353153707
2020-11-27 00:00:00 254998.56913858265
2020-11-28 00:00:00 256079.29764727122
2020-11-29 00:00:00 257169.37011439467
2020-11-30 00:00:00 258268.5921616599
2020-12-01 00:00:00 259376.76236633564
2020-12-02 00:00:00 260493.661205314
2020-12-03 00:00:00 261619.04958702266
2020-12-04 00:00:00 262752.6678411237
2020-12-05 00:00:00 263894.2464219659
2020-12-06 00:00:00 265043.4896006586
2020-12-07 00:00:00 266200.13783596706
2020-12-08 00:00:00 267363.89085512934
2020-12-09 00:00:00 268534.4365560533
2020-12-10 00:00:00 269711.52422910207
2020-12-11 00:00:00 270894.9045908555
2020-12-12 00:00:00 272084.36431961897
2020-12-13 00:00:00 273279.678861883
2020-12-14 00:00:00 274480.609836051
2020-12-15 00:00:00 275686.8996345296
2020-12-16 00:00:00 276898.2674374157
2020-12-17 00:00:00 278114.39148971025
2020-12-18 00:00:00 279334.9529668514
2020-12-19 00:00:00 280559.609857663
2020-12-20 00:00:00 281788.04603434453
2020-12-21 00:00:00 283019.88689101225
2020-12-22 00:00:00 284254.8271685596
2020-12-23 00:00:00 285492.6113753907
2020-12-24 00:00:00 286733.01235747733
2020-12-25 00:00:00 287975.8484348105
2020-12-26 00:00:00 289220.9747131067
2020-12-27 00:00:00 290468.2713787151
2020-12-28 00:00:00 291717.6322871652
2020-12-29 00:00:00 292968.98139071383
2017.4372819820333 MO
2060.8013016137706 IN
2082.625577746023 NC
2159.796727234921 OH
2309.7873175320988 TN
3135.5002916160493 CA
3195.9421850847025 FL
3396.935992884892 WI
4317.141498174385 IL
4471.692615359281 TX
61098.845619502645 US
2132.366716403251 NC
2166.737323482802 MI
2282.0329887237876 IN
2423.7329867535586 OH
2464.104844482213 TN
3164.68622590493 CA
3357.4897605689252 FL
3437.9618261574715 WI
4064.3554169594177 TX
4778.679907742435 IL
64176.02772118111 US
1740.720855618461 PA
1995.1572347072606 MN
2231.116725906713 NC
2245.0709647488 MO
2457.4188298013446 MI
2573.40732343001 IN
2663.4245257343823 OH
2680.9215070130317 TN
3096.098373365189 CA
3402.234421919114 WI
3701.3304805514554 TX
3791.156283996941 FL
5455.02105484452 IL
67475.32794871466 US
2613.181898302489 MI
2741.3638957975045 TX
3124.0833331841927 CA
3296.0492563176517 IN
3503.8503884714087 WI
4072.8884008623795 GA
5932.976641769211 TN
6508.522364666327 IL
9055.122827763818 AZ
14050.415074217588 FL
68865.7590564505 US
